Mon Apr  1 04:06:37 2019 : 
Path : /media/ayush/Seagate/TV Shows/What's Wrong With Secretary Kim
Show Name : What's Wrong With Secretary Kim
Changelog : 
What's Wrong With Secretary Kim Episode 01.mp4 -> wwwsk e1.mp4
What's Wrong With Secretary Kim Episode 10.mp4 -> wwwsk e10.mp4
What's Wrong With Secretary Kim Episode 11.mp4 -> wwwsk e11.mp4
What's Wrong With Secretary Kim Episode 12.mp4 -> wwwsk e12.mp4
What's Wrong With Secretary Kim Episode 13.mp4 -> wwwsk e13.mp4
What's Wrong With Secretary Kim Episode 14.mp4 -> wwwsk e14.mp4
What's Wrong With Secretary Kim Episode 15.mp4 -> wwwsk e15.mp4
What's Wrong With Secretary Kim Episode 16.mp4 -> wwwsk e16.mp4
What's Wrong With Secretary Kim Episode 02.mp4 -> wwwsk e2.mp4
What's Wrong With Secretary Kim Episode 03.mp4 -> wwwsk e3.mp4
What's Wrong With Secretary Kim Episode 04.mp4 -> wwwsk e4.mp4
What's Wrong With Secretary Kim Episode 05.mp4 -> wwwsk e5.mp4
What's Wrong With Secretary Kim Episode 06.mp4 -> wwwsk e6.mp4
What's Wrong With Secretary Kim Episode 07.mp4 -> wwwsk e7.mp4
What's Wrong With Secretary Kim Episode 08.mp4 -> wwwsk e8.mp4
What's Wrong With Secretary Kim Episode 09.mp4 -> wwwsk e9.mp4


