Thu May 31 12:57:54 2018 : 
Path : F:\TV Shows\I'm Not A Robot
Show Name : I'm Not A Robot
Changelog : 
I m.Not.a.Robot.E06.171213.720p-NEXT.mkv filename=UTF-8  I .mkv -> I'm Not A Robot Episode 06.mkv
I m.Not.a.Robot.E07.171214.720p-NEXT.mkv filename=UTF-8  I m.Not.a.Robot.E.mkv -> I'm Not A Robot Episode 07.mkv
I m.Not.a.Robot.E08.171214.720p-NEXT.mkv filename=UTF-8  I m.Not.a.Robot.E.mkv -> I'm Not A Robot Episode 08.mkv
I m.Not.a.Robot.E09.171220.720p-NEXT.mkv filename=UTF-8  I m.Not.a.Robot.E.mkv -> I'm Not A Robot Episode 09.mkv
I m.Not.a.Robot.E10.171220.720p-NEXT.mkv filename=UTF-8  I m.Not.a.Robot.E.mkv -> I'm Not A Robot Episode 10.mkv
I m.Not.a.Robot.E11.171221.720p-NEXT.mkv filename=UTF-8  I m.Not.a.Robot.E.mkv -> I'm Not A Robot Episode 11.mkv
I m.Not.a.Robot.E12.171221.720p-NEXT.mkv filename=UTF-8  I m.Not.a.Robot.E.mkv -> I'm Not A Robot Episode 12.mkv
I'm Not A Robot Episode 1.mp4 -> I'm Not A Robot Episode 01.mp4
I'm Not A Robot Episode 2.mp4 -> I'm Not A Robot Episode 02.mp4
I'm Not A Robot Episode 3.mp4 -> I'm Not A Robot Episode 03.mp4
I'm Not A Robot Episode 4.mp4 -> I'm Not A Robot Episode 04.mp4
I'm Not A Robot Episode 5.mp4 -> I'm Not A Robot Episode 05.mp4
I'm.Not.a.Robot.E06.171213.720p-540p-450p-360p-XViD-NEXT.srt -> I'm Not A Robot Episode 06.srt
I'm.Not.a.Robot.E07.171214.720p-540p-450p-360p-XViD-NEXT.srt -> I'm Not A Robot Episode 07.srt
I'm.Not.a.Robot.E08.171214.720p-540p-450p-360p-XViD-NEXT.srt -> I'm Not A Robot Episode 08.srt
I'm.Not.a.Robot.E09.171220.720p-540p-450p-360p-XViD-NEXT.srt -> I'm Not A Robot Episode 09.srt
I'm.Not.a.Robot.E10.171220.720p-540p-450p-360p-XViD-NEXT.srt -> I'm Not A Robot Episode 10.srt
I'm.Not.a.Robot.E11.171221.720p-540p-450p-360p-XViD-NEXT.srt -> I'm Not A Robot Episode 11.srt
I'm.Not.a.Robot.E12.171221.720p-540p-450p-360p-XViD-NEXT.srt -> I'm Not A Robot Episode 12.srt
I'm.Not.a.Robot.E13.171227.720p-540p-450p-360p-XViD-NEXT.srt -> I'm Not A Robot Episode 13.srt
I'm.Not.a.Robot.E13.171227.720p-NEXT.mkv -> I'm Not A Robot Episode 13.mkv
I'm.Not.a.Robot.E14.171227.720p-540p-450p-360p-XViD-NEXT.srt -> I'm Not A Robot Episode 14.srt
I'm.Not.a.Robot.E14.171227.720p-NEXT.mkv -> I'm Not A Robot Episode 14.mkv
I'm.Not.a.Robot.E15.171228.720p-540p-450p-360p-XViD-NEXT.srt -> I'm Not A Robot Episode 15.srt
I'm.Not.a.Robot.E15.171228.720p-NEXT.mkv -> I'm Not A Robot Episode 15.mkv
I'm.Not.a.Robot.E16.171228.720p-540p-450p-360p-XViD-NEXT.srt -> I'm Not A Robot Episode 16.srt
I'm.Not.a.Robot.E16.171228.720p-NEXT.mkv -> I'm Not A Robot Episode 16.mkv
I'm.Not.a.Robot.E17.180103.720p-540p-450p-360p-XViD-NEXT.srt -> I'm Not A Robot Episode 17.srt
I'm.Not.a.Robot.E17.180103.720p-NEXT.mkv -> I'm Not A Robot Episode 17.mkv
I'm.Not.a.Robot.E18.180103.720p-540p-450p-360p-XViD-NEXT.srt -> I'm Not A Robot Episode 18.srt
I'm.Not.a.Robot.E18.180103.720p-NEXT.mkv -> I'm Not A Robot Episode 18.mkv
I'm.Not.a.Robot.E19.180104.720p-540p-450p-360p-XViD-NEXT.srt -> I'm Not A Robot Episode 19.srt
I'm.Not.a.Robot.E19.180104.720p-NEXT.mkv -> I'm Not A Robot Episode 19.mkv
I'm.Not.a.Robot.E20.180104.720p-540p-450p-360p-XViD-NEXT.srt -> I'm Not A Robot Episode 20.srt
I'm.Not.a.Robot.E20.180104.720p-NEXT.mkv -> I'm Not A Robot Episode 20.mkv
I'm.Not.a.Robot.E21.180110.720p-540p-450p-360p-XViD-NEXT.srt -> I'm Not A Robot Episode 21.srt
I'm.Not.a.Robot.E21.180110.720p-NEXT.mkv -> I'm Not A Robot Episode 21.mkv
I'm.Not.a.Robot.E22.180110.720p-540p-450p-360p-XViD-NEXT.srt -> I'm Not A Robot Episode 22.srt
I'm.Not.a.Robot.E22.180110.720p-NEXT.mkv -> I'm Not A Robot Episode 22.mkv
I'm.Not.a.Robot.E23.180111.720p-540p-450p-360p-XViD-NEXT.srt -> I'm Not A Robot Episode 23.srt
I'm.Not.a.Robot.E23.180111.720p-NEXT.mkv -> I'm Not A Robot Episode 23.mkv
I'm.Not.a.Robot.E24.180111.720p-540p-450p-360p-XViD-NEXT.srt -> I'm Not A Robot Episode 24.srt
I'm.Not.a.Robot.E24.180111.720p-NEXT.mkv -> I'm Not A Robot Episode 24.mkv
I'm.Not.a.Robot.E25.180117.720p-540p-450p-360p-XViD-NEXT.srt -> I'm Not A Robot Episode 25.srt
I'm.Not.a.Robot.E25.180117.720p-NEXT.mkv -> I'm Not A Robot Episode 25.mkv
I'm.Not.a.Robot.E26.180117.720p-540p-450p-360p-XViD-NEXT.srt -> I'm Not A Robot Episode 26.srt
I'm.Not.a.Robot.E26.180117.720p-NEXT.mkv -> I'm Not A Robot Episode 26.mkv
I'm.Not.a.Robot.E27.180118.720p-540p-450p-360p-XViD-NEXT.srt -> I'm Not A Robot Episode 27.srt
I'm.Not.a.Robot.E27.180118.720p-NEXT.mkv -> I'm Not A Robot Episode 27.mkv
I'm.Not.a.Robot.E28.180118.720p-540p-450p-360p-XViD-NEXT.srt -> I'm Not A Robot Episode 28.srt
I'm.Not.a.Robot.E28.180118.720p-NEXT.mkv -> I'm Not A Robot Episode 28.mkv
I'm.Not.a.Robot.E29.180124.720p-540p-450p-360p-XViD-NEXT.srt -> I'm Not A Robot Episode 29.srt
I'm.Not.a.Robot.E29.180124.720p-NEXT.mkv -> I'm Not A Robot Episode 29.mkv
I'm.Not.a.Robot.E30.180124.720p-540p-450p-360p-XViD-NEXT.srt -> I'm Not A Robot Episode 30.srt
I'm.Not.a.Robot.E30.180124.720p-NEXT.mkv -> I'm Not A Robot Episode 30.mkv
I'm.Not.a.Robot.E31.180125.720p-540p-450p-360p-XViD-NEXT.srt -> I'm Not A Robot Episode 31.srt
I'm.Not.a.Robot.E31.180125.720p-NEXT.mkv -> I'm Not A Robot Episode 31.mkv
I'm.Not.a.Robot.E32.END.180125.720p-540p-450p-360p-XViD-NEXT.srt -> I'm Not A Robot Episode 32.srt
I'm.Not.a.Robot.E32.END.180125.720p-NEXT.mkv -> I'm Not A Robot Episode 32.mkv


Thu May 31 13:02:40 2018 : 
Path : F:\TV Shows\Healer
Show Name : Healer
Changelog : 
Healer Episode 1 - Watch Healer Episode 1 English sub online in high quality.MP4 -> Healer Episode 01.MP4
Healer Episode 10 - Watch Healer Episode 10 English sub online in high quality.MP4 -> Healer Episode 10.MP4
Healer Episode 11 - Watch Healer Episode 11 English sub online in high quality.MP4 -> Healer Episode 11.MP4
Healer Episode 12 - Watch Healer Episode 12 English sub online in high quality.MP4 -> Healer Episode 12.MP4
Healer Episode 13 - Watch Healer Episode 13 English sub online in high quality.MP4 -> Healer Episode 13.MP4
Healer Episode 14 - Watch Healer Episode 14 English sub online in high quality.MP4 -> Healer Episode 14.MP4
Healer Episode 15 - Watch Healer Episode 15 English sub online in high quality.MP4 -> Healer Episode 15.MP4
Healer Episode 16 - Watch Healer Episode 16 English sub online in high quality.MP4 -> Healer Episode 16.MP4
Healer Episode 17 - Watch Healer Episode 17 English sub online in high quality.MP4 -> Healer Episode 17.MP4
Healer Episode 18 - Watch Healer Episode 18 English sub online in high quality.MP4 -> Healer Episode 18.MP4
Healer Episode 19 - Watch Healer Episode 19 English sub online in high quality.MP4 -> Healer Episode 19.MP4
Healer Episode 2 - Watch Healer Episode 2 English sub online in high quality.MP4 -> Healer Episode 02.MP4
Healer Episode 20 - Watch Healer Episode 20 English sub online in high quality.MP4 -> Healer Episode 20.MP4
Healer Episode 3 - Watch Healer Episode 3 English sub online in high quality.MP4 -> Healer Episode 03.MP4
Healer Episode 4 - Watch Healer Episode 4 English sub online in high quality.MP4 -> Healer Episode 04.MP4
Healer Episode 5 - Watch Healer Episode 5 English sub online in high quality.MP4 -> Healer Episode 05.MP4
Healer Episode 6 - Watch Healer Episode 6 English sub online in high quality.MP4 -> Healer Episode 06.MP4
Healer Episode 7 - Watch Healer Episode 7 English sub online in high quality.MP4 -> Healer Episode 07.MP4
Healer Episode 8 - Watch Healer Episode 8 English sub online in high quality.MP4 -> Healer Episode 08.MP4
Healer Episode 9 - Watch Healer Episode 9 English sub online in high quality.MP4 -> Healer Episode 09.MP4


Mon Jun 11 15:40:09 2018 : 
Path : F:\TV Shows\The Bride of Habaek
Show Name : The Bride of Habaek
Changelog : 
e 10.mp4 -> The Bride of Habaek Episode 10.mp4
e11.mp4 -> The Bride of Habaek Episode 11.mp4
The Bride of Habaek Episode 1.mp4 -> The Bride of Habaek Episode 01.mp4
The Bride of Habaek Episode 2.mp4 -> The Bride of Habaek Episode 02.mp4
The Bride of Habaek Episode 3.mp4 -> The Bride of Habaek Episode 03.mp4
The Bride of Habaek Episode 4.mp4 -> The Bride of Habaek Episode 04.mp4
The Bride of Habaek Episode 5.mp4 -> The Bride of Habaek Episode 05.mp4
The Bride of Habaek Episode 6.mp4 -> The Bride of Habaek Episode 06.mp4
The Bride of Habaek Episode 7.mp4 -> The Bride of Habaek Episode 07.mp4
The Bride of Habaek Episode 8.mp4 -> The Bride of Habaek Episode 08.mp4
The Bride of Habaek Episode 9.mp4 -> The Bride of Habaek Episode 09.mp4


Tue Jun 26 01:24:56 2018 : 
Path : C:\Users\Flame\Downloads\Video\The Girl Who Sees Scents
Show Name : The Girl Who Sees Scents
Changelog : 
e3.mp4 -> The Girl Who Sees Scents Episode 03.mp4
e4.mp4 -> The Girl Who Sees Scents Episode 04.mp4
e5.mp4 -> The Girl Who Sees Scents Episode 05.mp4
e6.mp4 -> The Girl Who Sees Scents Episode 06.mp4
The Girl Who Sees Scents Episode 10 - Watch The Girl Who Sees Scents Episode 10 English sub online in high quality.MP4 -> The Girl Who Sees Scents Episode 10.MP4
The Girl Who Sees Scents Episode 11 - Watch The Girl Who Sees Scents Episode 11 English sub online in high quality.MP4 -> The Girl Who Sees Scents Episode 11.MP4
The Girl Who Sees Scents Episode 12 - Watch The Girl Who Sees Scents Episode 12 English sub online in high quality.MP4 -> The Girl Who Sees Scents Episode 12.MP4
The Girl Who Sees Scents Episode 13 - Watch The Girl Who Sees Scents Episode 13 English sub online in high quality.MP4 -> The Girl Who Sees Scents Episode 13.MP4
The Girl Who Sees Scents Episode 14 - Watch The Girl Who Sees Scents Episode 14 English sub online in high quality.MP4 -> The Girl Who Sees Scents Episode 14.MP4
The Girl Who Sees Scents Episode 15 - Watch The Girl Who Sees Scents Episode 15 English sub online in high quality.MP4 -> The Girl Who Sees Scents Episode 15.MP4
The Girl Who Sees Scents Episode 16 - Watch The Girl Who Sees Scents Episode 16 English sub online in high quality.MP4 -> The Girl Who Sees Scents Episode 16.MP4
The Girl Who Sees Scents Episode 7 - Watch The Girl Who Sees Scents Episode 7 English sub online in high quality.MP4 -> The Girl Who Sees Scents Episode 07.MP4
The Girl Who Sees Scents Episode 8 - Watch The Girl Who Sees Scents Episode 8 English sub online in high quality.MP4 -> The Girl Who Sees Scents Episode 08.MP4
The Girl Who Sees Scents Episode 9 - Watch The Girl Who Sees Scents Episode 9 English sub online in high quality.MP4 -> The Girl Who Sees Scents Episode 09.MP4


Wed Jun 27 15:35:12 2018 : 
Path : C:\Users\Flame\Downloads\Video\Blade Man
Show Name : Blade Man
Changelog : 
Blade Man Episode 1.mp4 -> Blade Man Episode 01.mp4
Blade Man Episode 2.mp4 -> Blade Man Episode 02.mp4
Blade Man Episode 3.mp4 -> Blade Man Episode 03.mp4
Blade Man Episode 4.mp4 -> Blade Man Episode 04.mp4
Blade Man Episode 5.mp4 -> Blade Man Episode 05.mp4
Blade Man Episode 6.mp4 -> Blade Man Episode 06.mp4
Blade Man Episode 7.mp4 -> Blade Man Episode 07.mp4
Blade Man Episode 8.mp4 -> Blade Man Episode 08.mp4
Blade Man Episode 9.mp4 -> Blade Man Episode 09.mp4


Thu Jun 28 03:47:19 2018 : 
Path : C:\Users\Flame\Downloads\Video\The Girl Who Sees Scents
Show Name : The Girl Who Sees Scents
Changelog : 
tgwss ep 1.mp4 -> The Girl Who Sees Scents Episode 01.mp4
TGWSS EP 2.mp4 -> The Girl Who Sees Scents Episode 02.mp4


Fri Jun 29 02:14:48 2018 : 
Path : C:\Users\Flame\Downloads\Video\New folder
Show Name : Goblin
Changelog : 
Goblin ep 15.mp4 -> Goblin Episode 15.mp4
Goblin ep 16.mp4 -> Goblin Episode 16.mp4
Goblin Episode 1.mp4 -> Goblin Episode 01.mp4
Goblin Episode 2.mp4 -> Goblin Episode 02.mp4
Goblin Episode 3.MP4 -> Goblin Episode 03.MP4
Goblin Episode 4.mp4 -> Goblin Episode 04.mp4
Goblin Episode 5.mp4 -> Goblin Episode 05.mp4
Goblin Episode 6.mp4 -> Goblin Episode 06.mp4
Goblin Episode 7.mp4 -> Goblin Episode 07.mp4
Goblin Episode 8.mp4 -> Goblin Episode 08.mp4
Goblin Episode 9.mp4 -> Goblin Episode 09.mp4


Fri Jul 27 21:04:28 2018 : 
Path : F:\TV Shows\Faith
Show Name : Faith
Changelog : 
Faith Episode 1 - Watch Faith Episode 1 English sub online in high quality.MP4 -> Faith Episode 01.MP4
Faith Episode 10 - Watch Faith Episode 10 English sub online in high quality.MP4 -> Faith Episode 10.MP4
Faith Episode 11 - Watch Faith Episode 11 English sub online in high quality.MP4 -> Faith Episode 11.MP4
Faith Episode 12 - Watch Faith Episode 12 English sub online in high quality.MP4 -> Faith Episode 12.MP4
Faith Episode 13 - Watch Faith Episode 13 English sub online in high quality.MP4 -> Faith Episode 13.MP4
Faith Episode 14 - Watch Faith Episode 14 English sub online in high quality.MP4 -> Faith Episode 14.MP4
Faith Episode 15 - Watch Faith Episode 15 English sub online in high quality.MP4 -> Faith Episode 15.MP4
Faith Episode 16 - Watch Faith Episode 16 English sub online in high quality.MP4 -> Faith Episode 16.MP4
Faith Episode 17 - Watch Faith Episode 17 English sub online in high quality.MP4 -> Faith Episode 17.MP4
Faith Episode 18 - Watch Faith Episode 18 English sub online in high quality.MP4 -> Faith Episode 18.MP4
Faith Episode 19 - Watch Faith Episode 19 English sub online in high quality.MP4 -> Faith Episode 19.MP4
Faith Episode 2 - Watch Faith Episode 2 English sub online in high quality.MP4 -> Faith Episode 02.MP4
Faith Episode 20 - Watch Faith Episode 20 English sub online in high quality.MP4 -> Faith Episode 20.MP4
Faith Episode 21 - Watch Faith Episode 21 English sub online in high quality.MP4 -> Faith Episode 21.MP4
Faith Episode 22 - Watch Faith Episode 22 English sub online in high quality.MP4 -> Faith Episode 22.MP4
Faith Episode 23 - Watch Faith Episode 23 English sub online in high quality.MP4 -> Faith Episode 23.MP4
Faith Episode 24 - Watch Faith Episode 24 English sub online in high quality.MP4 -> Faith Episode 24.MP4
Faith Episode 3 - Watch Faith Episode 3 English sub online in high quality.MP4 -> Faith Episode 03.MP4
Faith Episode 4 - Watch Faith Episode 4 English sub online in high quality.MP4 -> Faith Episode 04.MP4
Faith Episode 5 - Watch Faith Episode 5 English sub online in high quality.MP4 -> Faith Episode 05.MP4
Faith Episode 6 - Watch Faith Episode 6 English sub online in high quality.MP4 -> Faith Episode 06.MP4
Faith Episode 7 - Watch Faith Episode 7 English sub online in high quality.MP4 -> Faith Episode 07.MP4
Faith Episode 8 - Watch Faith Episode 8 English sub online in high quality.MP4 -> Faith Episode 08.MP4
Faith Episode 9 - Watch Faith Episode 9 English sub online in high quality.MP4 -> Faith Episode 09.MP4


Tue Aug  7 21:40:17 2018 : 
Path : F:\TV Shows\Faith
Show Name : Faith
Changelog : 
Faith Episode 01.MP4 -> Faith Episode 1 - Watch Faith Episode 1 English sub online in high quality.MP4
Faith Episode 10.MP4 -> Faith Episode 10 - Watch Faith Episode 10 English sub online in high quality.MP4
Faith Episode 11.MP4 -> Faith Episode 11 - Watch Faith Episode 11 English sub online in high quality.MP4
Faith Episode 12.MP4 -> Faith Episode 12 - Watch Faith Episode 12 English sub online in high quality.MP4
Faith Episode 13.MP4 -> Faith Episode 13 - Watch Faith Episode 13 English sub online in high quality.MP4
Faith Episode 14.MP4 -> Faith Episode 14 - Watch Faith Episode 14 English sub online in high quality.MP4
Faith Episode 15.MP4 -> Faith Episode 15 - Watch Faith Episode 15 English sub online in high quality.MP4
Faith Episode 16.MP4 -> Faith Episode 16 - Watch Faith Episode 16 English sub online in high quality.MP4
Faith Episode 17.MP4 -> Faith Episode 17 - Watch Faith Episode 17 English sub online in high quality.MP4
Faith Episode 18.MP4 -> Faith Episode 18 - Watch Faith Episode 18 English sub online in high quality.MP4
Faith Episode 19.MP4 -> Faith Episode 19 - Watch Faith Episode 19 English sub online in high quality.MP4
Faith Episode 02.MP4 -> Faith Episode 2 - Watch Faith Episode 2 English sub online in high quality.MP4
Faith Episode 20.MP4 -> Faith Episode 20 - Watch Faith Episode 20 English sub online in high quality.MP4
Faith Episode 21.MP4 -> Faith Episode 21 - Watch Faith Episode 21 English sub online in high quality.MP4
Faith Episode 22.MP4 -> Faith Episode 22 - Watch Faith Episode 22 English sub online in high quality.MP4
Faith Episode 23.MP4 -> Faith Episode 23 - Watch Faith Episode 23 English sub online in high quality.MP4
Faith Episode 24.MP4 -> Faith Episode 24 - Watch Faith Episode 24 English sub online in high quality.MP4
Faith Episode 03.MP4 -> Faith Episode 3 - Watch Faith Episode 3 English sub online in high quality.MP4
Faith Episode 04.MP4 -> Faith Episode 4 - Watch Faith Episode 4 English sub online in high quality.MP4
Faith Episode 05.MP4 -> Faith Episode 5 - Watch Faith Episode 5 English sub online in high quality.MP4
Faith Episode 06.MP4 -> Faith Episode 6 - Watch Faith Episode 6 English sub online in high quality.MP4
Faith Episode 07.MP4 -> Faith Episode 7 - Watch Faith Episode 7 English sub online in high quality.MP4
Faith Episode 08.MP4 -> Faith Episode 8 - Watch Faith Episode 8 English sub online in high quality.MP4
Faith Episode 09.MP4 -> Faith Episode 9 - Watch Faith Episode 9 English sub online in high quality.MP4


Tue Aug  7 21:40:28 2018 : 
Path : F:\TV Shows\Faith
Show Name : Faith
Changelog : 
Faith Episode 1 - Watch Faith Episode 1 English sub online in high quality.MP4 -> Faith Episode 01.MP4
Faith Episode 10 - Watch Faith Episode 10 English sub online in high quality.MP4 -> Faith Episode 10.MP4
Faith Episode 11 - Watch Faith Episode 11 English sub online in high quality.MP4 -> Faith Episode 11.MP4
Faith Episode 12 - Watch Faith Episode 12 English sub online in high quality.MP4 -> Faith Episode 12.MP4
Faith Episode 13 - Watch Faith Episode 13 English sub online in high quality.MP4 -> Faith Episode 13.MP4
Faith Episode 14 - Watch Faith Episode 14 English sub online in high quality.MP4 -> Faith Episode 14.MP4
Faith Episode 15 - Watch Faith Episode 15 English sub online in high quality.MP4 -> Faith Episode 15.MP4
Faith Episode 16 - Watch Faith Episode 16 English sub online in high quality.MP4 -> Faith Episode 16.MP4
Faith Episode 17 - Watch Faith Episode 17 English sub online in high quality.MP4 -> Faith Episode 17.MP4
Faith Episode 18 - Watch Faith Episode 18 English sub online in high quality.MP4 -> Faith Episode 18.MP4
Faith Episode 19 - Watch Faith Episode 19 English sub online in high quality.MP4 -> Faith Episode 19.MP4
Faith Episode 2 - Watch Faith Episode 2 English sub online in high quality.MP4 -> Faith Episode 02.MP4
Faith Episode 20 - Watch Faith Episode 20 English sub online in high quality.MP4 -> Faith Episode 20.MP4
Faith Episode 21 - Watch Faith Episode 21 English sub online in high quality.MP4 -> Faith Episode 21.MP4
Faith Episode 22 - Watch Faith Episode 22 English sub online in high quality.MP4 -> Faith Episode 22.MP4
Faith Episode 23 - Watch Faith Episode 23 English sub online in high quality.MP4 -> Faith Episode 23.MP4
Faith Episode 24 - Watch Faith Episode 24 English sub online in high quality.MP4 -> Faith Episode 24.MP4
Faith Episode 3 - Watch Faith Episode 3 English sub online in high quality.MP4 -> Faith Episode 03.MP4
Faith Episode 4 - Watch Faith Episode 4 English sub online in high quality.MP4 -> Faith Episode 04.MP4
Faith Episode 5 - Watch Faith Episode 5 English sub online in high quality.MP4 -> Faith Episode 05.MP4
Faith Episode 6 - Watch Faith Episode 6 English sub online in high quality.MP4 -> Faith Episode 06.MP4
Faith Episode 7 - Watch Faith Episode 7 English sub online in high quality.MP4 -> Faith Episode 07.MP4
Faith Episode 8 - Watch Faith Episode 8 English sub online in high quality.MP4 -> Faith Episode 08.MP4
Faith Episode 9 - Watch Faith Episode 9 English sub online in high quality.MP4 -> Faith Episode 09.MP4


Tue Aug  7 21:43:05 2018 : 
Path : C:\Users\Flame\Downloads\Video\Doctor Stranger
Show Name : Doctor Stranger
Changelog : 
Doctor Strange E3.mp4 -> Doctor Stranger Episode 03.mp4
Doctor Stranger Episode 1.mp4 -> Doctor Stranger Episode 01.mp4
Doctor Stranger Episode 2.mp4 -> Doctor Stranger Episode 02.mp4
ds 10.mp4 -> Doctor Stranger Episode 02.mp4
ds 13.mp4 -> Doctor Stranger Episode 02.mp4
ds e11.mp4 -> Doctor Stranger Episode 11.mp4
ds e12.mp4 -> Doctor Stranger Episode 12.mp4
ds e14.mp4 -> Doctor Stranger Episode 14.mp4
ds e16.mp4 -> Doctor Stranger Episode 16.mp4
ds e4.mp4 -> Doctor Stranger Episode 04.mp4
ds e5.mp4 -> Doctor Stranger Episode 05.mp4
ds e6.mp4 -> Doctor Stranger Episode 06.mp4
ds e7.mp4 -> Doctor Stranger Episode 07.mp4
ds e8.mp4 -> Doctor Stranger Episode 08.mp4
ds e9.mp4 -> Doctor Stranger Episode 09.mp4
ds ep 17.mp4 -> Doctor Stranger Episode 17.mp4
ds ep 18.mp4 -> Doctor Stranger Episode 18.mp4
ds ep15.mp4 -> Doctor Stranger Episode 15.mp4
ds ep19.mp4 -> Doctor Stranger Episode 19.mp4
ds ep20.mp4 -> Doctor Stranger Episode 20.mp4


Tue Aug  7 21:43:42 2018 : 
Path : C:\Users\Flame\Downloads\Video\Doctor Stranger
Show Name : Doctor Stranger
Changelog : 
Doctor Stranger Episode 03.mp4 -> Doctor Strange E3.mp4
Doctor Stranger Episode 01.mp4 -> Doctor Stranger Episode 1.mp4
Doctor Stranger Episode 02.mp4 -> Doctor Stranger Episode 2.mp4
Doctor Stranger Episode 02.mp4 -> ds 10.mp4
Doctor Stranger Episode 02.mp4 -> ds 13.mp4
Doctor Stranger Episode 11.mp4 -> ds e11.mp4
Doctor Stranger Episode 12.mp4 -> ds e12.mp4
Doctor Stranger Episode 14.mp4 -> ds e14.mp4
Doctor Stranger Episode 16.mp4 -> ds e16.mp4
Doctor Stranger Episode 04.mp4 -> ds e4.mp4
Doctor Stranger Episode 05.mp4 -> ds e5.mp4
Doctor Stranger Episode 06.mp4 -> ds e6.mp4
Doctor Stranger Episode 07.mp4 -> ds e7.mp4
Doctor Stranger Episode 08.mp4 -> ds e8.mp4
Doctor Stranger Episode 09.mp4 -> ds e9.mp4
Doctor Stranger Episode 17.mp4 -> ds ep 17.mp4
Doctor Stranger Episode 18.mp4 -> ds ep 18.mp4
Doctor Stranger Episode 15.mp4 -> ds ep15.mp4
Doctor Stranger Episode 19.mp4 -> ds ep19.mp4
Doctor Stranger Episode 20.mp4 -> ds ep20.mp4


Tue Aug  7 21:43:49 2018 : 
Path : C:\Users\Flame\Downloads\Video\Doctor Stranger
Show Name : Doctor Stranger
Changelog : 
Doctor Strange E3.mp4 -> Doctor Stranger Episode 03.mp4
Doctor Stranger Episode 1.mp4 -> Doctor Stranger Episode 01.mp4
Doctor Stranger Episode 2.mp4 -> Doctor Stranger Episode 02.mp4
ds 10.mp4 -> Doctor Stranger Episode 02.mp4
ds 13.mp4 -> Doctor Stranger Episode 02.mp4
ds e11.mp4 -> Doctor Stranger Episode 11.mp4
ds e12.mp4 -> Doctor Stranger Episode 12.mp4
ds e14.mp4 -> Doctor Stranger Episode 14.mp4
ds e16.mp4 -> Doctor Stranger Episode 16.mp4
ds e4.mp4 -> Doctor Stranger Episode 04.mp4
ds e5.mp4 -> Doctor Stranger Episode 05.mp4
ds e6.mp4 -> Doctor Stranger Episode 06.mp4
ds e7.mp4 -> Doctor Stranger Episode 07.mp4
ds e8.mp4 -> Doctor Stranger Episode 08.mp4
ds e9.mp4 -> Doctor Stranger Episode 09.mp4
ds ep 17.mp4 -> Doctor Stranger Episode 17.mp4
ds ep 18.mp4 -> Doctor Stranger Episode 18.mp4
ds ep15.mp4 -> Doctor Stranger Episode 15.mp4
ds ep19.mp4 -> Doctor Stranger Episode 19.mp4
ds ep20.mp4 -> Doctor Stranger Episode 20.mp4


Tue Aug  7 21:46:23 2018 : 
Path : C:\Users\Flame\Downloads\Video\Doctor Stranger
Show Name : Doctor Stranger
Changelog : 
ds e10.mp4 -> Doctor Stranger Episode 10.mp4
ds e11.mp4 -> Doctor Stranger Episode 11.mp4
ds e12.mp4 -> Doctor Stranger Episode 12.mp4
ds e13.mp4 -> Doctor Stranger Episode 13.mp4
ds e14.mp4 -> Doctor Stranger Episode 14.mp4
ds e16.mp4 -> Doctor Stranger Episode 16.mp4
ds e4.mp4 -> Doctor Stranger Episode 04.mp4
ds e5.mp4 -> Doctor Stranger Episode 05.mp4
ds e6.mp4 -> Doctor Stranger Episode 06.mp4
ds e7.mp4 -> Doctor Stranger Episode 07.mp4
ds e8.mp4 -> Doctor Stranger Episode 08.mp4
ds e9.mp4 -> Doctor Stranger Episode 09.mp4
ds ep 17.mp4 -> Doctor Stranger Episode 17.mp4
ds ep 18.mp4 -> Doctor Stranger Episode 18.mp4
ds ep15.mp4 -> Doctor Stranger Episode 15.mp4
ds ep19.mp4 -> Doctor Stranger Episode 19.mp4
ds ep20.mp4 -> Doctor Stranger Episode 20.mp4


